# Preference setting overrides
gui_create_pref_key -category {Globals} -key {load_detail_for_funcov} -value_type {bool} -value {false}

# State setting overrides
gui_state_default_create -off -ini
gui_set_state_value -category Globals -key open_wave_inside -value true
gui_set_state_value -category Globals -key recent_databases -value {{gui_open_db -file /home/quanghan/work/TIN/FINAL_THESIS/MBIST/01_MBIST_TIN/05_waveform/t_testbench_0701_TLAPNPSF.vpd -design V1} {gui_open_db -file /home/quanghan/work/TIN/FINAL_THESIS/MBIST/01_MBIST_TIN/03_simulate/run/t_testbench.vpd -design V1} {gui_open_db -file /home/quanghan/work/TIN/FINAL_THESIS/MBIST/09_MBIST_TIN/03_simulate/run/t_testbench.vpd -design V1} {gui_open_db -file /home/quanghan/work/TIN/FINAL_THESIS/MBIST/01_MBIST_TIN/AHB/02_Simulation/run/testbench_wave.vpd -design V1} {gui_open_db -file /home/quanghan/work/TIN/FINAL_THESIS/MBIST/07_MARCHA/MarchA_test/XXX_A.vpd -design V1}}
gui_set_state_value -category Globals -key recent_sessions -value {{gui_load_session -file /home/quanghan/simulaiton/rtl/verilog/filters/scripts/filters.tcl} {gui_load_session -file /home/quanghan/simulaiton/rtl/verilog/filters/scripts/session.top.vcd.vpd.tcl -ignore_errors} {gui_load_session -file /home/quanghan/simulaiton/rtl/verilog/filters/scripts/session.top.vcd.vpd.tcl}}
gui_set_state_value -category Layout -key child_console_size_x -value 820
gui_set_state_value -category Layout -key child_console_size_y -value 164
gui_set_state_value -category Layout -key child_data_coltype -value 15
gui_set_state_value -category Layout -key child_data_colvalue -value 15
gui_set_state_value -category Layout -key child_data_colvariable -value 136
gui_set_state_value -category Layout -key child_data_size_x -value 176
gui_set_state_value -category Layout -key child_data_size_y -value 174
gui_set_state_value -category Layout -key child_hier_colhier -value 87
gui_set_state_value -category Layout -key child_hier_coltype -value 10
gui_set_state_value -category Layout -key child_hier_size_x -value 105
gui_set_state_value -category Layout -key child_hier_size_y -value 174
gui_set_state_value -category Layout -key child_list_down -value 141
gui_set_state_value -category Layout -key child_list_right -value 444
gui_set_state_value -category Layout -key child_source_docknewline -value false
gui_set_state_value -category Layout -key child_source_pos_x -value {-2}
gui_set_state_value -category Layout -key child_source_pos_y -value {-15}
gui_set_state_value -category Layout -key child_source_size_x -value 745
gui_set_state_value -category Layout -key child_source_size_y -value 389
gui_set_state_value -category Layout -key child_wave_colname -value 101
gui_set_state_value -category Layout -key child_wave_colvalue -value 30
gui_set_state_value -category Layout -key child_wave_docknewline -value false
gui_set_state_value -category Layout -key child_wave_left -value 135
gui_set_state_value -category Layout -key child_wave_pos_x -value {-2}
gui_set_state_value -category Layout -key child_wave_pos_y -value {-15}
gui_set_state_value -category Layout -key child_wave_right -value 397
gui_set_state_value -category Layout -key child_wave_size_x -value 542
gui_set_state_value -category Layout -key child_wave_size_y -value 169
gui_set_state_value -category Layout -key main_pos_x -value 153
gui_set_state_value -category Layout -key main_pos_y -value 162
gui_set_state_value -category Layout -key main_size_x -value 973
gui_set_state_value -category Layout -key main_size_y -value 656
gui_set_state_value -category Layout -key stand_list_child_docknewline -value false
gui_set_state_value -category Layout -key stand_list_child_pos_x -value {-2}
gui_set_state_value -category Layout -key stand_list_child_pos_y -value {-15}
gui_set_state_value -category Layout -key stand_list_child_size_x -value 604
gui_set_state_value -category Layout -key stand_list_child_size_y -value 286
gui_set_state_value -category Layout -key stand_list_top_pos_x -value 357
gui_set_state_value -category Layout -key stand_list_top_pos_y -value 161
gui_set_state_value -category Layout -key stand_list_top_size_x -value 956
gui_set_state_value -category Layout -key stand_list_top_size_y -value 660
gui_set_state_value -category Layout -key stand_wave_child_docknewline -value false
gui_set_state_value -category Layout -key stand_wave_child_pos_x -value {-2}
gui_set_state_value -category Layout -key stand_wave_child_pos_y -value {-15}
gui_set_state_value -category Layout -key stand_wave_child_size_x -value 965
gui_set_state_value -category Layout -key stand_wave_child_size_y -value 546
gui_set_state_value -category Layout -key stand_wave_top_pos_x -value 4
gui_set_state_value -category Layout -key stand_wave_top_pos_y -value 230
gui_set_state_value -category Layout -key stand_wave_top_size_x -value 964
gui_set_state_value -category Layout -key stand_wave_top_size_y -value 914
gui_create_state_key -category FindDialog -key m_pMatchCase -value_type bool -value false
gui_create_state_key -category FindDialog -key m_pMatchWord -value_type bool -value false
gui_create_state_key -category FindDialog -key m_pUseCombo -value_type string -value {}
gui_create_state_key -category FindDialog -key m_pWrapAround -value_type bool -value true
gui_state_default_create -off

# Begin command logging
gui_open_db -file /home/quanghan/work/TIN/FINAL_THESIS/MBIST/01_MBIST_TIN/05_waveform/t_testbench_0203_MarchA.vpd -design V1
gui_list_select -id Data.1 {  testbench.clk   }
gui_list_select -id Data.1 {  testbench.rst_n   }
gui_list_select -id Data.1 {  testbench.error   }
gui_list_select -id Data.1 {  {testbench.wdata[63:0]}   }
gui_list_select -id Data.1 {  {testbench.rdata[63:0]}   }
gui_list_select -id Data.1 {  {testbench.address[15:0]}   }
gui_open_window Wave
gui_list_add -id Wave.1 -from Data.1 { testbench.error {testbench.address[15:0]} {testbench.wdata[63:0]} {testbench.rdata[63:0]} testbench.clk testbench.rst_n } -insertionbar
gui_zoom -window Wave.1 -factor 0.5
gui_zoom -window Wave.1 -factor 0.5
gui_zoom -window Wave.1 -factor 0.5
gui_zoom -window Wave.1 -factor 0.5
gui_zoom -window Wave.1 -factor 0.5
gui_zoom -window Wave.1 -factor 0.5
gui_zoom -window Wave.1 -factor 0.5
gui_zoom -window Wave.1 -factor 0.5
gui_zoom -window Wave.1 -factor 0.5
gui_zoom -window Wave.1 -factor 0.5
gui_zoom -window Wave.1 -factor 0.5
gui_zoom -window Wave.1 -factor 0.5
gui_zoom -window Wave.1 -factor 0.5
gui_zoom -window Wave.1 -factor 0.5
gui_zoom -window Wave.1 -factor 0.5
gui_zoom -window Wave.1 -factor 0.5
gui_zoom -window Wave.1 -factor 0.5
gui_zoom -window Wave.1 -factor 0.5
gui_zoom -window Wave.1 -factor 0.5
gui_zoom -window Wave.1 -factor 0.5
gui_list_expand -id  Hier.1   testbench
gui_list_expand -id  Hier.1   testbench.mbist_1
gui_list_expand -id  Hier.1   testbench.mbist_1.mbist_decoder_1
gui_list_select -id Hier.1 {  testbench   testbench.mbist_1.mbist_decoder_1.marchc_decoder_1   }
gui_list_expand -id  Hier.1   testbench.mbist_1.mbist_decoder_1.marchc_decoder_1
gui_list_select -id Hier.1 {  testbench.mbist_1.mbist_decoder_1.marchc_decoder_1   testbench.mbist_1.mbist_decoder_1.marchc_decoder_1.marchc_controller_1   }
gui_list_select -id Hier.1 {  testbench.mbist_1.mbist_decoder_1.marchc_decoder_1.marchc_controller_1   testbench.mbist_1.mbist_decoder_1.marcha_decoder_1   }
gui_list_expand -id  Hier.1   testbench.mbist_1.mbist_decoder_1.marcha_decoder_1
gui_list_select -id Hier.1 {  testbench.mbist_1.mbist_decoder_1.marcha_decoder_1   testbench.mbist_1.mbist_decoder_1.marcha_decoder_1.marcha_controller_1   }
gui_list_select -id Data.1 {  {testbench.mbist_1.mbist_decoder_1.marcha_decoder_1.marcha_controller_1.marcha_state[3:0]}   }
gui_list_add -id Wave.1 -from Data.1 { {testbench.mbist_1.mbist_decoder_1.marcha_decoder_1.marcha_controller_1.marcha_state[3:0]} } -insertionbar
gui_marker_move -id  Wave.1 C1 27278620
gui_zoom -window Wave.1 -factor 2
gui_wv_scrollleft -id  Wave.1  line
gui_wv_scrollleft -id  Wave.1  line
gui_wv_scrollleft -id  Wave.1  line
gui_wv_scrollleft -id  Wave.1  line
gui_wv_scrollleft -id  Wave.1  line
gui_wv_scrollleft -id  Wave.1  line
gui_wv_scrollleft -id  Wave.1  line
gui_wv_scrollleft -id  Wave.1  line
gui_wv_scrollleft -id  Wave.1  line
gui_wv_scrollleft -id  Wave.1  line
gui_wv_scrollleft -id  Wave.1  line
gui_wv_scrollleft -id  Wave.1  line
gui_wv_scrollleft -id  Wave.1  line
gui_wv_scrollleft -id  Wave.1  line
gui_list_select -id Hier.1 {  testbench.mbist_1.mbist_decoder_1.marcha_decoder_1.marcha_controller_1   testbench.fault_mem_test   }
gui_list_action -id  Hier.1 testbench.fault_mem_test
gui_list_action -id  Hier.1 testbench.fault_mem_test
gui_list_action -id  Hier.1 testbench.fault_mem_test
gui_list_action -id  Hier.1 testbench.fault_mem_test
gui_marker_move -id  Wave.1 C1 19618260
gui_zoom -window Wave.1 -factor 2
gui_zoom -window Wave.1 -factor 2
gui_zoom -window Wave.1 -factor 2
gui_zoom -window Wave.1 -factor 2
gui_zoom -window Wave.1 -factor 2
gui_zoom -window Wave.1 -factor 2
gui_zoom -window Wave.1 -factor 2
gui_zoom -window Wave.1 -factor 2
gui_zoom -window Wave.1 -factor 2
gui_zoom -window Wave.1 -factor 2
gui_zoom -window Wave.1 -factor 2
gui_zoom -window Wave.1 -factor 2
gui_zoom -window Wave.1 -factor 2
gui_zoom -window Wave.1 -factor 2
gui_zoom -window Wave.1 -factor 2
gui_zoom -window Wave.1 -factor 2
gui_zoom -window Wave.1 -factor 2
gui_zoom -window Wave.1 -factor 2
gui_zoom -window Wave.1 -factor 0.5
gui_wv_zoom_timerange -id  Wave.1 19618008 19618510
gui_wv_zoom_timerange -id  Wave.1 19618008 19618510
