Warning: In design 'marchc_controller', cell 'C479' does not drive any nets. (LINT-1)
Warning: In design 'marchc_datapath', cell 'C1779' does not drive any nets. (LINT-1)
Warning: In design 'marchc_datapath', cell 'C1833' does not drive any nets. (LINT-1)
Warning: In design 'marchc_datapath', cell 'C1863' does not drive any nets. (LINT-1)
Warning: In design 'marchc_datapath', cell 'C1894' does not drive any nets. (LINT-1)
Warning: In design 'marchc_datapath', cell 'C1923' does not drive any nets. (LINT-1)
Warning: In design 'marchc_datapath', cell 'C1965' does not drive any nets. (LINT-1)
Warning: In design 'marcha_datapath', cell 'C2910' does not drive any nets. (LINT-1)
Warning: In design 'marcha_datapath', cell 'C2965' does not drive any nets. (LINT-1)
Warning: In design 'marcha_datapath', cell 'C2996' does not drive any nets. (LINT-1)
Warning: In design 'marcha_datapath', cell 'C3028' does not drive any nets. (LINT-1)
Warning: In design 'marcha_datapath', cell 'C3095' does not drive any nets. (LINT-1)
Warning: In design 'apnpsf_controller', port 'memtype[1]' is not connected to any nets. (LINT-28)
Warning: In design 'apnpsf_controller', port 'memtype[0]' is not connected to any nets. (LINT-28)
Warning: In design 'apnpsf_datapath', cell 'C16865' does not drive any nets. (LINT-1)
Warning: In design 'apnpsf_datapath', cell 'C16876' does not drive any nets. (LINT-1)
Warning: In design 'apnpsf_datapath', cell 'C17107' does not drive any nets. (LINT-1)
Warning: In design 'apnpsf_datapath', cell 'C17223' does not drive any nets. (LINT-1)
Warning: In design 'apnpsf_datapath', cell 'C17944' does not drive any nets. (LINT-1)
Warning: In design 'apnpsf_datapath', cell 'C17946' does not drive any nets. (LINT-1)
Warning: In design 'apnpsf_datapath', cell 'C17947' does not drive any nets. (LINT-1)
Warning: In design 'apnpsf_datapath', cell 'C17948' does not drive any nets. (LINT-1)
Warning: In design 'apnpsf_datapath', cell 'C17949' does not drive any nets. (LINT-1)
Warning: In design 'apnpsf_datapath', cell 'C17955' does not drive any nets. (LINT-1)
Warning: In design 'apnpsf_datapath', cell 'C17956' does not drive any nets. (LINT-1)
Warning: In design 'apnpsf_datapath', cell 'C17962' does not drive any nets. (LINT-1)
Warning: In design 'apnpsf_datapath', cell 'C17969' does not drive any nets. (LINT-1)
Warning: In design 'apnpsf_datapath', cell 'C17970' does not drive any nets. (LINT-1)
Warning: In design 'apnpsf_datapath', cell 'C17982' does not drive any nets. (LINT-1)
Warning: In design 'apnpsf_datapath', cell 'C17989' does not drive any nets. (LINT-1)
Warning: In design 'apnpsf_datapath', cell 'C17990' does not drive any nets. (LINT-1)
Warning: In design 'apnpsf_datapath', cell 'C17991' does not drive any nets. (LINT-1)
Warning: In design 'apnpsf_datapath', cell 'C18004' does not drive any nets. (LINT-1)
Warning: In design 'apnpsf_datapath', cell 'C18010' does not drive any nets. (LINT-1)
Warning: In design 'apnpsf_datapath', cell 'C18011' does not drive any nets. (LINT-1)
Warning: In design 'apnpsf_datapath', cell 'C18017' does not drive any nets. (LINT-1)
Warning: In design 'apnpsf_datapath', cell 'C18029' does not drive any nets. (LINT-1)
Warning: In design 'apnpsf_datapath', cell 'C18036' does not drive any nets. (LINT-1)
Warning: In design 'apnpsf_datapath', cell 'C18037' does not drive any nets. (LINT-1)
Warning: In design 'apnpsf_datapath', cell 'C18043' does not drive any nets. (LINT-1)
Warning: In design 'apnpsf_datapath', cell 'C18056' does not drive any nets. (LINT-1)
Warning: In design 'apnpsf_datapath', cell 'C18062' does not drive any nets. (LINT-1)
Warning: In design 'apnpsf_datapath', cell 'C18063' does not drive any nets. (LINT-1)
Warning: In design 'apnpsf_datapath', cell 'C18069' does not drive any nets. (LINT-1)
Warning: In design 'apnpsf_datapath', cell 'C18070' does not drive any nets. (LINT-1)
Warning: In design 'apnpsf_datapath', cell 'C18071' does not drive any nets. (LINT-1)
Warning: In design 'apnpsf_datapath', cell 'C18083' does not drive any nets. (LINT-1)
Warning: In design 'apnpsf_datapath', cell 'C18084' does not drive any nets. (LINT-1)
Warning: In design 'apnpsf_datapath', cell 'C18090' does not drive any nets. (LINT-1)
Warning: In design 'apnpsf_datapath', cell 'C18097' does not drive any nets. (LINT-1)
Warning: In design 'apnpsf_datapath', cell 'C18098' does not drive any nets. (LINT-1)
Warning: In design 'apnpsf_datapath', cell 'C18104' does not drive any nets. (LINT-1)
Warning: In design 'apnpsf_datapath', cell 'C18117' does not drive any nets. (LINT-1)
Warning: In design 'apnpsf_datapath', cell 'C18123' does not drive any nets. (LINT-1)
Warning: In design 'apnpsf_datapath', cell 'C18130' does not drive any nets. (LINT-1)
Warning: In design 'apnpsf_datapath', cell 'C18137' does not drive any nets. (LINT-1)
Warning: In design 'apnpsf_datapath', cell 'C18138' does not drive any nets. (LINT-1)
Warning: In design 'apnpsf_datapath', cell 'C18144' does not drive any nets. (LINT-1)
Warning: In design 'apnpsf_datapath', cell 'C18157' does not drive any nets. (LINT-1)
Warning: In design 'apnpsf_datapath', cell 'C18164' does not drive any nets. (LINT-1)
Warning: In design 'apnpsf_datapath', cell 'C18165' does not drive any nets. (LINT-1)
Warning: In design 'apnpsf_datapath', cell 'C18166' does not drive any nets. (LINT-1)
Warning: In design 'apnpsf_datapath', cell 'C18179' does not drive any nets. (LINT-1)
Warning: In design 'apnpsf_datapath', cell 'C18186' does not drive any nets. (LINT-1)
Warning: In design 'apnpsf_datapath', cell 'C18187' does not drive any nets. (LINT-1)
Warning: In design 'apnpsf_datapath', cell 'C18193' does not drive any nets. (LINT-1)
Warning: In design 'apnpsf_datapath', cell 'C18206' does not drive any nets. (LINT-1)
Warning: In design 'apnpsf_datapath', cell 'C18213' does not drive any nets. (LINT-1)
Warning: In design 'apnpsf_datapath', cell 'C18219' does not drive any nets. (LINT-1)
Warning: In design 'apnpsf_datapath', cell 'C18226' does not drive any nets. (LINT-1)
Warning: In design 'apnpsf_datapath', cell 'C18227' does not drive any nets. (LINT-1)
Warning: In design 'apnpsf_datapath', cell 'C18228' does not drive any nets. (LINT-1)
Warning: In design 'apnpsf_datapath', cell 'C18241' does not drive any nets. (LINT-1)
Warning: In design 'apnpsf_datapath', cell 'C18247' does not drive any nets. (LINT-1)
Warning: In design 'apnpsf_datapath', cell 'C18273' does not drive any nets. (LINT-1)
1
